
> react-typescript-starter@0.1.0 test
> react-scripts test --coverage

Browserslist: caniuse-lite is outdated. Please run:
  npx browserslist@latest --update-db
  Why you should do it regularly: https://github.com/browserslist/browserslist#browsers-data-updating
Browserslist: caniuse-lite is outdated. Please run:
  npx browserslist@latest --update-db
  Why you should do it regularly: https://github.com/browserslist/browserslist#browsers-data-updating
Browserslist: caniuse-lite is outdated. Please run:
  npx browserslist@latest --update-db
  Why you should do it regularly: https://github.com/browserslist/browserslist#browsers-data-updating
PASS src/functions.test.ts
PASS src/App.test.tsx
PASS src/text.test.tsx
--------------|---------|----------|---------|---------|-------------------
File          | % Stmts | % Branch | % Funcs | % Lines | Uncovered Line #s 
--------------|---------|----------|---------|---------|-------------------
All files     |   94.44 |      100 |   85.71 |   94.44 |                   
 App.tsx      |      50 |      100 |      50 |      50 | 18                
 functions.ts |     100 |      100 |     100 |     100 |                   
--------------|---------|----------|---------|---------|-------------------

Test Suites: 3 passed, 3 total
Tests:       7 passed, 7 total
Snapshots:   0 total
Time:        2.346 s
Ran all test suites.
