
> react-typescript-starter@0.1.0 test
> react-scripts test --coverage

Browserslist: caniuse-lite is outdated. Please run:
  npx browserslist@latest --update-db
  Why you should do it regularly: https://github.com/browserslist/browserslist#browsers-data-updating
Browserslist: caniuse-lite is outdated. Please run:
  npx browserslist@latest --update-db
  Why you should do it regularly: https://github.com/browserslist/browserslist#browsers-data-updating
Browserslist: caniuse-lite is outdated. Please run:
  npx browserslist@latest --update-db
  Why you should do it regularly: https://github.com/browserslist/browserslist#browsers-data-updating
PASS src/objects.test.ts
PASS src/arrays.test.ts
PASS src/nested.test.ts
PASS src/functions.test.ts
PASS src/text.test.tsx
PASS src/App.test.tsx
----------------|---------|----------|---------|---------|-------------------
File            | % Stmts | % Branch | % Funcs | % Lines | Uncovered Line #s 
----------------|---------|----------|---------|---------|-------------------
All files       |   97.61 |    96.36 |   98.57 |   97.29 |                   
 src            |   97.61 |    96.36 |   98.57 |   97.29 |                   
  App.tsx       |      50 |      100 |      50 |      50 | 18                
  arrays.ts     |     100 |      100 |     100 |     100 |                   
  functions.ts  |     100 |      100 |     100 |     100 |                   
  nested.ts     |      98 |    94.73 |     100 |    97.5 | 229               
  objects.ts    |   95.45 |    83.33 |     100 |   95.45 | 50                
 src/interfaces |       0 |        0 |       0 |       0 |                   
  answer.ts     |       0 |        0 |       0 |       0 |                   
  question.ts   |       0 |        0 |       0 |       0 |                   
----------------|---------|----------|---------|---------|-------------------

Test Suites: 6 passed, 6 total
Tests:       42 passed, 42 total
Snapshots:   0 total
Time:        3.815 s
Ran all test suites.
